a:\c-spaceshooter-honourstage\engine\x64\debug\engine.pch
a:\c-spaceshooter-honourstage\x64\debug\engine.pdb
a:\c-spaceshooter-honourstage\x64\debug\engine.idb
a:\c-spaceshooter-honourstage\engine\x64\debug\pch.obj
a:\c-spaceshooter-honourstage\engine\x64\debug\singleton.obj
a:\c-spaceshooter-honourstage\engine\x64\debug\scene.obj
a:\c-spaceshooter-honourstage\engine\x64\debug\actor.obj
a:\c-spaceshooter-honourstage\engine\x64\debug\scenemanager.obj
a:\c-spaceshooter-honourstage\engine\x64\debug\resourcemanager.obj
a:\c-spaceshooter-honourstage\engine\x64\debug\component.obj
a:\c-spaceshooter-honourstage\engine\x64\debug\camera2.obj
a:\c-spaceshooter-honourstage\engine\x64\debug\camera.obj
a:\c-spaceshooter-honourstage\engine\x64\debug\shader.obj
a:\c-spaceshooter-honourstage\engine\x64\debug\model.obj
a:\c-spaceshooter-honourstage\engine\x64\debug\mesh.obj
a:\c-spaceshooter-honourstage\engine\x64\debug\audio.obj
a:\c-spaceshooter-honourstage\x64\debug\engine.lib
a:\c-spaceshooter-honourstage\engine\x64\debug\engine.tlog\cl.command.1.tlog
a:\c-spaceshooter-honourstage\engine\x64\debug\engine.tlog\cl.items.tlog
a:\c-spaceshooter-honourstage\engine\x64\debug\engine.tlog\cl.read.1.tlog
a:\c-spaceshooter-honourstage\engine\x64\debug\engine.tlog\cl.write.1.tlog
a:\c-spaceshooter-honourstage\engine\x64\debug\engine.tlog\lib-link.read.1.tlog
a:\c-spaceshooter-honourstage\engine\x64\debug\engine.tlog\lib-link.write.1.tlog
a:\c-spaceshooter-honourstage\engine\x64\debug\engine.tlog\lib.command.1.tlog
